<?xml version="1.0" encoding="UTF-8"?>
<robot generator="Robot 7.4.1 (Python 3.14.0 on win32)" generated="2026-02-20T14:51:55.392138" rpa="false" schemaversion="5">
<suite id="s1" name="Frames" source="C:\Users\LENOVO\PycharmProjects\Feb2026WiproRoboFramework\Selenium\Frames.robot">
<test id="s1-t1" name="Varify Frames" line="8">
<kw name="Open Browser" owner="SeleniumLibrary">
<msg time="2026-02-20T14:51:55.894329" level="INFO">Opening browser 'chrome' to base url 'https://jqueryui.com/datepicker/'.</msg>
<arg>${url}</arg>
<arg>chrome</arg>
<doc>Opens a new browser instance to the optional ``url``.</doc>
<status status="PASS" start="2026-02-20T14:51:55.893886" elapsed="1.714560"/>
</kw>
<kw name="Maximize Browser Window" owner="SeleniumLibrary">
<doc>Maximizes current browser window.</doc>
<status status="PASS" start="2026-02-20T14:51:57.609326" elapsed="0.040866"/>
</kw>
<kw name="Set Selenium Implicit Wait" owner="SeleniumLibrary">
<arg>3s</arg>
<doc>Sets the implicit wait value used by Selenium.</doc>
<status status="PASS" start="2026-02-20T14:51:57.650674" elapsed="0.001889"/>
</kw>
<kw name="Select Frame" owner="SeleniumLibrary">
<msg time="2026-02-20T14:51:57.653619" level="INFO">Selecting frame 'xpath://iframe[@class='demo-frame']'.</msg>
<arg>xpath://iframe[@class='demo-frame']</arg>
<doc>Sets frame identified by ``locator`` as the current frame.</doc>
<status status="PASS" start="2026-02-20T14:51:57.653091" elapsed="0.066808"/>
</kw>
<kw name="Click Element" owner="SeleniumLibrary">
<msg time="2026-02-20T14:51:57.721107" level="INFO">Clicking element 'xpath://input[@id='datepicker']'.</msg>
<arg>xpath://input[@id='datepicker']</arg>
<doc>Click the element identified by ``locator``.</doc>
<status status="PASS" start="2026-02-20T14:51:57.720520" elapsed="0.267447"/>
</kw>
<kw name="Sleep" owner="BuiltIn">
<msg time="2026-02-20T14:51:59.989872" level="INFO">Slept 2 seconds.</msg>
<arg>2s</arg>
<doc>Pauses the test executed for the given time.</doc>
<status status="PASS" start="2026-02-20T14:51:57.988861" elapsed="2.001210"/>
</kw>
<kw name="Click Element" owner="SeleniumLibrary">
<msg time="2026-02-20T14:51:59.990973" level="INFO">Clicking element 'xpath://a[contains(text(),'21')]'.</msg>
<arg>xpath://a[contains(text(),'21')]</arg>
<doc>Click the element identified by ``locator``.</doc>
<status status="PASS" start="2026-02-20T14:51:59.990633" elapsed="0.225227"/>
</kw>
<kw name="Sleep" owner="BuiltIn">
<msg time="2026-02-20T14:52:03.218190" level="INFO">Slept 3 seconds.</msg>
<arg>3s</arg>
<doc>Pauses the test executed for the given time.</doc>
<status status="PASS" start="2026-02-20T14:52:00.216983" elapsed="3.001408"/>
</kw>
<kw name="Close Browser" owner="SeleniumLibrary">
<doc>Closes the current browser.</doc>
<status status="PASS" start="2026-02-20T14:52:03.219608" elapsed="2.308875"/>
</kw>
<status status="PASS" start="2026-02-20T14:51:55.891820" elapsed="9.637555"/>
</test>
<status status="PASS" start="2026-02-20T14:51:55.394526" elapsed="10.136081"/>
</suite>
<statistics>
<total>
<stat pass="1" fail="0" skip="0">All Tests</stat>
</total>
<tag>
</tag>
<suite>
<stat name="Frames" id="s1" pass="1" fail="0" skip="0">Frames</stat>
</suite>
</statistics>
<errors>
</errors>
</robot>
